0 info it worked if it ends with ok
1 verbose cli [ '/Users/rhuber/.nvm/versions/node/v4.0.0/bin/node',
1 verbose cli   '/Users/rhuber/.nvm/versions/node/v4.0.0/bin/npm',
1 verbose cli   'run',
1 verbose cli   'serve' ]
2 info using npm@2.14.2
3 info using node@v4.0.0
4 verbose stack Error: ENOENT: no such file or directory, open '/Users/rhuber/Code/React/Full_Stack_Redux/package.json'
4 verbose stack     at Error (native)
5 verbose cwd /Users/rhuber/Code/React/Full_Stack_Redux
6 error Darwin 14.5.0
7 error argv "/Users/rhuber/.nvm/versions/node/v4.0.0/bin/node" "/Users/rhuber/.nvm/versions/node/v4.0.0/bin/npm" "run" "serve"
8 error node v4.0.0
9 error npm  v2.14.2
10 error path /Users/rhuber/Code/React/Full_Stack_Redux/package.json
11 error code ENOENT
12 error errno -2
13 error syscall open
14 error enoent ENOENT: no such file or directory, open '/Users/rhuber/Code/React/Full_Stack_Redux/package.json'
14 error enoent This is most likely not a problem with npm itself
14 error enoent and is related to npm not being able to find a file.
15 verbose exit [ -2, true ]
